<?xml version="1.0" encoding="UTF-8"?>
<!-- Generated by org.testng.reporters.JUnitReportReporter -->
<testsuite skipped="0" hostname="DESKTOP-6GEIVGO" name="com.fullstack.batch3.AppTest" tests="1" failures="0" timestamp="19 Sep 2020 11:29:27 GMT" time="16.638" errors="0">
  <testcase name="loginWithCorrectCredentials" time="16.638" classname="com.fullstack.batch3.AppTest"/>
</testsuite> <!-- com.fullstack.batch3.AppTest -->
